{"level":"error","message":"error 메세지","timestamp":"2023-03-10 12:01:21"}
{"level":"warn","message":"warn 메세지","timestamp":"2023-03-10 12:01:21"}
{"level":"info","message":"info 메세지","timestamp":"2023-03-10 12:01:21"}
{"level":"error","message":"error 메세지","timestamp":"2023-03-10 12:02:08"}
{"level":"warn","message":"warn 메세지","timestamp":"2023-03-10 12:02:08"}
{"level":"info","message":"info 메세지","timestamp":"2023-03-10 12:02:08"}
{"level":"error","message":"error 메세지","timestamp":"2023-03-10 12:02:09"}
{"level":"warn","message":"warn 메세지","timestamp":"2023-03-10 12:02:09"}
{"level":"info","message":"info 메세지","timestamp":"2023-03-10 12:02:09"}
{"level":"error","message":"error 메세지","timestamp":"2023-03-10 12:02:10"}
{"level":"warn","message":"warn 메세지","timestamp":"2023-03-10 12:02:10"}
{"level":"info","message":"info 메세지","timestamp":"2023-03-10 12:02:10"}
{"level":"error","message":"error 메세지","timestamp":"2023-03-10 12:02:10"}
{"level":"warn","message":"warn 메세지","timestamp":"2023-03-10 12:02:10"}
{"level":"info","message":"info 메세지","timestamp":"2023-03-10 12:02:10"}
{"level":"error","message":"error 메세지","timestamp":"2023-03-10 12:02:11"}
{"level":"warn","message":"warn 메세지","timestamp":"2023-03-10 12:02:11"}
{"level":"info","message":"info 메세지","timestamp":"2023-03-10 12:02:11"}
{"level":"error","message":"error 메세지","timestamp":"2023-03-10 12:02:12"}
{"level":"warn","message":"warn 메세지","timestamp":"2023-03-10 12:02:12"}
{"level":"info","message":"info 메세지","timestamp":"2023-03-10 12:02:12"}
{"level":"error","message":"error 메세지","timestamp":"2023-03-10 12:03:31"}
{"level":"warn","message":"warn 메세지","timestamp":"2023-03-10 12:03:31"}
{"level":"info","message":"info 메세지","timestamp":"2023-03-10 12:03:31"}
{"level":"error","message":"error 메시지","timestamp":"2023-03-10 12:13:55"}
{"level":"warn","message":"warn 메시지","timestamp":"2023-03-10 12:13:55"}
{"level":"info","message":"info 메시지","timestamp":"2023-03-10 12:13:55"}
{"level":"error","message":"error 메시지","timestamp":"2023-03-10 12:14:05"}
{"level":"warn","message":"warn 메시지","timestamp":"2023-03-10 12:14:05"}
{"level":"info","message":"info 메시지","timestamp":"2023-03-10 12:14:05"}
{"level":"error","message":"error 메시지","timestamp":"2023-03-10 12:14:54"}
{"level":"warn","message":"warn 메시지","timestamp":"2023-03-10 12:14:54"}
{"level":"info","message":"info 메시지","timestamp":"2023-03-10 12:14:54"}
{"level":"error","message":"error 메시지","timestamp":"2023-03-10 12:15:22"}
{"level":"warn","message":"warn 메시지","timestamp":"2023-03-10 12:15:22"}
{"level":"info","message":"info 메시지","timestamp":"2023-03-10 12:15:22"}
{"level":"error","message":"error 메시지","timestamp":"2023-03-10 12:15:51"}
{"level":"warn","message":"warn 메시지","timestamp":"2023-03-10 12:15:51"}
{"level":"info","message":"info 메시지","timestamp":"2023-03-10 12:15:51"}
{"level":"error","message":"error 메시지","timestamp":"2023-03-10 12:16:12"}
{"level":"warn","message":"warn 메시지","timestamp":"2023-03-10 12:16:12"}
{"level":"info","message":"info 메시지","timestamp":"2023-03-10 12:16:12"}
{"level":"error","message":"error 메시지","timestamp":"2023-03-10 12:16:25"}
{"level":"warn","message":"warn 메시지","timestamp":"2023-03-10 12:16:25"}
{"level":"info","message":"info 메시지","timestamp":"2023-03-10 12:16:25"}
{"level":"error","message":"error 메시지","timestamp":"2023-03-10 12:17:27"}
{"level":"warn","message":"warn 메시지","timestamp":"2023-03-10 12:17:27"}
{"level":"info","message":"info 메시지","timestamp":"2023-03-10 12:17:27"}
{"level":"error","message":"error 메시지","timestamp":"2023-03-10 12:18:17"}
{"level":"warn","message":"warn 메시지","timestamp":"2023-03-10 12:18:17"}
{"level":"info","message":"info 메시지","timestamp":"2023-03-10 12:18:17"}
{"level":"error","message":"error 메시지","timestamp":"2023-03-10 12:18:35"}
{"level":"warn","message":"warn 메시지","timestamp":"2023-03-10 12:18:35"}
{"level":"info","message":"info 메시지","timestamp":"2023-03-10 12:18:35"}
{"level":"error","message":"error 메시지","timestamp":"2023-03-10 12:19:12"}
{"level":"warn","message":"warn 메시지","timestamp":"2023-03-10 12:19:12"}
{"level":"info","message":"info 메시지","timestamp":"2023-03-10 12:19:12"}
{"level":"error","message":"error 메시지","timestamp":"2023-03-10 12:19:29"}
{"level":"warn","message":"warn 메시지","timestamp":"2023-03-10 12:19:29"}
{"level":"info","message":"info 메시지","timestamp":"2023-03-10 12:19:29"}
{"level":"error","message":"error 메시지","timestamp":"2023-03-10 12:20:13"}
{"level":"warn","message":"warn 메시지","timestamp":"2023-03-10 12:20:13"}
{"level":"info","message":"info 메시지","timestamp":"2023-03-10 12:20:13"}
{"level":"error","message":"error 메시지","timestamp":"2023-03-10 12:21:54"}
{"level":"warn","message":"warn 메시지","timestamp":"2023-03-10 12:21:54"}
{"level":"info","message":"info 메시지","timestamp":"2023-03-10 12:21:54"}
